<?xml version="1.0" encoding="UTF-8" ?>
<testsuite tests="2" failures="0" name="TestSuite" time="1.531" errors="0" skipped="0">
  <properties>
    <property name="java.runtime.name" value="Java(TM) SE Runtime Environment"/>
    <property name="sun.boot.library.path" value="C:\Program Files\Java\jdk1.8.0_202\jre\bin"/>
    <property name="java.vm.version" value="25.202-b08"/>
    <property name="java.vm.vendor" value="Oracle Corporation"/>
    <property name="java.vendor.url" value="http://java.oracle.com/"/>
    <property name="path.separator" value=";"/>
    <property name="java.vm.name" value="Java HotSpot(TM) 64-Bit Server VM"/>
    <property name="file.encoding.pkg" value="sun.io"/>
    <property name="user.script" value=""/>
    <property name="user.country" value="CN"/>
    <property name="sun.java.launcher" value="SUN_STANDARD"/>
    <property name="sun.os.patch.level" value=""/>
    <property name="java.vm.specification.name" value="Java Virtual Machine Specification"/>
    <property name="user.dir" value="D:\BlueMoon\finenter"/>
    <property name="java.runtime.version" value="1.8.0_202-b08"/>
    <property name="java.awt.graphicsenv" value="sun.awt.Win32GraphicsEnvironment"/>
    <property name="basedir" value="D:\BlueMoon\finenter"/>
    <property name="java.endorsed.dirs" value="C:\Program Files\Java\jdk1.8.0_202\jre\lib\endorsed"/>
    <property name="os.arch" value="amd64"/>
    <property name="surefire.real.class.path" value="D:\BlueMoon\finenter\target\surefire\surefirebooter2386792982901591482.jar"/>
    <property name="java.io.tmpdir" value="C:\Users\ADMINI~1\AppData\Local\Temp\"/>
    <property name="line.separator" value="
"/>
    <property name="java.vm.specification.vendor" value="Oracle Corporation"/>
    <property name="user.variant" value=""/>
    <property name="os.name" value="Windows 10"/>
    <property name="sun.jnu.encoding" value="GBK"/>
    <property name="java.library.path" value="C:\Program Files\Java\jdk1.8.0_202\jre\bin;C:\WINDOWS\Sun\Java\bin;C:\WINDOWS\system32;C:\WINDOWS;C:\Program Files (x86)\Common Files\Oracle\Java\javapath;C:\WINDOWS\system32;C:\WINDOWS;C:\WINDOWS\System32\Wbem;C:\WINDOWS\System32\WindowsPowerShell\v1.0\;C:\WINDOWS\System32\OpenSSH\;C:\Program Files\Git\cmd;C:\Program Files\Java\jdk1.8.0_202\bin;C:\Program Files\Java\jdk1.8.0_202\jre\bin;D:\maven3.6\apache-maven-3.6.1\bin;C:\Users\Administrator\AppData\Local\Microsoft\WindowsApps;;d:\Fiddler;."/>
    <property name="surefire.test.class.path" value="D:\BlueMoon\finenter\target\test-classes;D:\BlueMoon\finenter\target\classes;D:\m2Repository\org\slf4j\slf4j-api\1.7.21\slf4j-api-1.7.21.jar;D:\m2Repository\commons-io\commons-io\2.6\commons-io-2.6.jar;D:\m2Repository\org\testng\testng\6.8\testng-6.8.jar;D:\m2Repository\junit\junit\4.10\junit-4.10.jar;D:\m2Repository\org\beanshell\bsh\2.0b4\bsh-2.0b4.jar;D:\m2Repository\com\beust\jcommander\1.27\jcommander-1.27.jar;D:\m2Repository\org\yaml\snakeyaml\1.6\snakeyaml-1.6.jar;D:\m2Repository\org\jsoup\jsoup\1.8.1\jsoup-1.8.1.jar;D:\m2Repository\com\aventstack\extentreports\3.0.6\extentreports-3.0.6.jar;D:\m2Repository\org\freemarker\freemarker\2.3.23\freemarker-2.3.23.jar;D:\m2Repository\org\mongodb\mongodb-driver\3.3.0\mongodb-driver-3.3.0.jar;D:\m2Repository\org\mongodb\bson\3.3.0\bson-3.3.0.jar;D:\m2Repository\org\mongodb\mongodb-driver-core\3.3.0\mongodb-driver-core-3.3.0.jar;D:\m2Repository\org\apache\httpcomponents\httpclient\4.5.2\httpclient-4.5.2.jar;D:\m2Repository\org\apache\httpcomponents\httpcore\4.4.4\httpcore-4.4.4.jar;D:\m2Repository\commons-codec\commons-codec\1.9\commons-codec-1.9.jar;D:\m2Repository\org\apache\httpcomponents\httpmime\4.5.2\httpmime-4.5.2.jar;D:\m2Repository\io\rest-assured\rest-assured\3.0.2\rest-assured-3.0.2.jar;D:\m2Repository\org\codehaus\groovy\groovy\2.4.6\groovy-2.4.6.jar;D:\m2Repository\org\codehaus\groovy\groovy-xml\2.4.6\groovy-xml-2.4.6.jar;D:\m2Repository\org\hamcrest\hamcrest-core\1.3\hamcrest-core-1.3.jar;D:\m2Repository\org\hamcrest\hamcrest-library\1.3\hamcrest-library-1.3.jar;D:\m2Repository\org\ccil\cowan\tagsoup\tagsoup\1.2.1\tagsoup-1.2.1.jar;D:\m2Repository\io\rest-assured\xml-path\3.0.2\xml-path-3.0.2.jar;D:\m2Repository\org\apache\commons\commons-lang3\3.4\commons-lang3-3.4.jar;D:\m2Repository\io\rest-assured\json-path\3.0.2\json-path-3.0.2.jar;D:\m2Repository\org\codehaus\groovy\groovy-json\2.4.6\groovy-json-2.4.6.jar;D:\m2Repository\io\rest-assured\rest-assured-common\3.0.2\rest-assured-common-3.0.2.jar;D:\m2Repository\io\rest-assured\json-schema-validator\3.0.2\json-schema-validator-3.0.2.jar;D:\m2Repository\com\github\fge\json-schema-validator\2.2.6\json-schema-validator-2.2.6.jar;D:\m2Repository\com\google\code\findbugs\jsr305\3.0.0\jsr305-3.0.0.jar;D:\m2Repository\joda-time\joda-time\2.3\joda-time-2.3.jar;D:\m2Repository\com\googlecode\libphonenumber\libphonenumber\6.2\libphonenumber-6.2.jar;D:\m2Repository\com\github\fge\json-schema-core\1.2.5\json-schema-core-1.2.5.jar;D:\m2Repository\com\github\fge\uri-template\0.9\uri-template-0.9.jar;D:\m2Repository\com\github\fge\msg-simple\1.1\msg-simple-1.1.jar;D:\m2Repository\com\github\fge\btf\1.2\btf-1.2.jar;D:\m2Repository\com\google\guava\guava\16.0.1\guava-16.0.1.jar;D:\m2Repository\com\github\fge\jackson-coreutils\1.8\jackson-coreutils-1.8.jar;D:\m2Repository\com\fasterxml\jackson\core\jackson-databind\2.2.3\jackson-databind-2.2.3.jar;D:\m2Repository\com\fasterxml\jackson\core\jackson-annotations\2.2.3\jackson-annotations-2.2.3.jar;D:\m2Repository\com\fasterxml\jackson\core\jackson-core\2.2.3\jackson-core-2.2.3.jar;D:\m2Repository\org\mozilla\rhino\1.7R4\rhino-1.7R4.jar;D:\m2Repository\javax\mail\mailapi\1.4.3\mailapi-1.4.3.jar;D:\m2Repository\javax\activation\activation\1.1\activation-1.1.jar;D:\m2Repository\net\sf\jopt-simple\jopt-simple\4.6\jopt-simple-4.6.jar;D:\m2Repository\com\alibaba\fastjson\1.2.31\fastjson-1.2.31.jar;D:\m2Repository\com\squareup\okhttp3\okhttp\3.0.0\okhttp-3.0.0.jar;D:\m2Repository\com\squareup\okio\okio\1.6.0\okio-1.6.0.jar;D:\m2Repository\mysql\mysql-connector-java\5.1.38\mysql-connector-java-5.1.38.jar;D:\m2Repository\com\jcabi\jcabi-matchers\1.3\jcabi-matchers-1.3.jar;D:\m2Repository\com\jcabi\jcabi-log\0.14.3\jcabi-log-0.14.3.jar;D:\m2Repository\com\jcabi\jcabi-aspects\0.17.1\jcabi-aspects-0.17.1.jar;D:\m2Repository\org\aspectj\aspectjrt\1.8.0\aspectjrt-1.8.0.jar;D:\m2Repository\javax\validation\validation-api\1.1.0.Final\validation-api-1.1.0.Final.jar;D:\m2Repository\com\rabbitmq\amqp-client\4.1.0\amqp-client-4.1.0.jar;D:\m2Repository\com\jayway\jsonpath\json-path\2.2.0\json-path-2.2.0.jar;D:\m2Repository\net\minidev\json-smart\2.2.1\json-smart-2.2.1.jar;D:\m2Repository\net\minidev\accessors-smart\1.1\accessors-smart-1.1.jar;D:\m2Repository\org\ow2\asm\asm\5.0.3\asm-5.0.3.jar;D:\m2Repository\commons-beanutils\commons-beanutils\1.6\commons-beanutils-1.6.jar;D:\m2Repository\commons-logging\commons-logging\1.0\commons-logging-1.0.jar;D:\m2Repository\commons-collections\commons-collections\2.0\commons-collections-2.0.jar;D:\m2Repository\org\apache\poi\poi-ooxml\3.15\poi-ooxml-3.15.jar;D:\m2Repository\org\apache\poi\poi\3.15\poi-3.15.jar;D:\m2Repository\org\apache\commons\commons-collections4\4.1\commons-collections4-4.1.jar;D:\m2Repository\org\apache\poi\poi-ooxml-schemas\3.15\poi-ooxml-schemas-3.15.jar;D:\m2Repository\org\apache\xmlbeans\xmlbeans\2.6.0\xmlbeans-2.6.0.jar;D:\m2Repository\stax\stax-api\1.0.1\stax-api-1.0.1.jar;D:\m2Repository\com\github\virtuald\curvesapi\1.04\curvesapi-1.04.jar;D:\m2Repository\org\json\json\20170516\json-20170516.jar;D:\m2Repository\org\apache\maven\surefire\surefire-testng-utils\2.8\surefire-testng-utils-2.8.jar;"/>
    <property name="java.specification.name" value="Java Platform API Specification"/>
    <property name="java.class.version" value="52.0"/>
    <property name="sun.management.compiler" value="HotSpot 64-Bit Tiered Compilers"/>
    <property name="os.version" value="10.0"/>
    <property name="user.home" value="C:\Users\Administrator"/>
    <property name="user.timezone" value="Asia/Shanghai"/>
    <property name="java.awt.printerjob" value="sun.awt.windows.WPrinterJob"/>
    <property name="java.specification.version" value="1.8"/>
    <property name="file.encoding" value="UTF-8"/>
    <property name="user.name" value="Administrator"/>
    <property name="java.class.path" value="D:\BlueMoon\finenter\target\test-classes;D:\BlueMoon\finenter\target\classes;D:\m2Repository\org\slf4j\slf4j-api\1.7.21\slf4j-api-1.7.21.jar;D:\m2Repository\commons-io\commons-io\2.6\commons-io-2.6.jar;D:\m2Repository\org\testng\testng\6.8\testng-6.8.jar;D:\m2Repository\junit\junit\4.10\junit-4.10.jar;D:\m2Repository\org\beanshell\bsh\2.0b4\bsh-2.0b4.jar;D:\m2Repository\com\beust\jcommander\1.27\jcommander-1.27.jar;D:\m2Repository\org\yaml\snakeyaml\1.6\snakeyaml-1.6.jar;D:\m2Repository\org\jsoup\jsoup\1.8.1\jsoup-1.8.1.jar;D:\m2Repository\com\aventstack\extentreports\3.0.6\extentreports-3.0.6.jar;D:\m2Repository\org\freemarker\freemarker\2.3.23\freemarker-2.3.23.jar;D:\m2Repository\org\mongodb\mongodb-driver\3.3.0\mongodb-driver-3.3.0.jar;D:\m2Repository\org\mongodb\bson\3.3.0\bson-3.3.0.jar;D:\m2Repository\org\mongodb\mongodb-driver-core\3.3.0\mongodb-driver-core-3.3.0.jar;D:\m2Repository\org\apache\httpcomponents\httpclient\4.5.2\httpclient-4.5.2.jar;D:\m2Repository\org\apache\httpcomponents\httpcore\4.4.4\httpcore-4.4.4.jar;D:\m2Repository\commons-codec\commons-codec\1.9\commons-codec-1.9.jar;D:\m2Repository\org\apache\httpcomponents\httpmime\4.5.2\httpmime-4.5.2.jar;D:\m2Repository\io\rest-assured\rest-assured\3.0.2\rest-assured-3.0.2.jar;D:\m2Repository\org\codehaus\groovy\groovy\2.4.6\groovy-2.4.6.jar;D:\m2Repository\org\codehaus\groovy\groovy-xml\2.4.6\groovy-xml-2.4.6.jar;D:\m2Repository\org\hamcrest\hamcrest-core\1.3\hamcrest-core-1.3.jar;D:\m2Repository\org\hamcrest\hamcrest-library\1.3\hamcrest-library-1.3.jar;D:\m2Repository\org\ccil\cowan\tagsoup\tagsoup\1.2.1\tagsoup-1.2.1.jar;D:\m2Repository\io\rest-assured\xml-path\3.0.2\xml-path-3.0.2.jar;D:\m2Repository\org\apache\commons\commons-lang3\3.4\commons-lang3-3.4.jar;D:\m2Repository\io\rest-assured\json-path\3.0.2\json-path-3.0.2.jar;D:\m2Repository\org\codehaus\groovy\groovy-json\2.4.6\groovy-json-2.4.6.jar;D:\m2Repository\io\rest-assured\rest-assured-common\3.0.2\rest-assured-common-3.0.2.jar;D:\m2Repository\io\rest-assured\json-schema-validator\3.0.2\json-schema-validator-3.0.2.jar;D:\m2Repository\com\github\fge\json-schema-validator\2.2.6\json-schema-validator-2.2.6.jar;D:\m2Repository\com\google\code\findbugs\jsr305\3.0.0\jsr305-3.0.0.jar;D:\m2Repository\joda-time\joda-time\2.3\joda-time-2.3.jar;D:\m2Repository\com\googlecode\libphonenumber\libphonenumber\6.2\libphonenumber-6.2.jar;D:\m2Repository\com\github\fge\json-schema-core\1.2.5\json-schema-core-1.2.5.jar;D:\m2Repository\com\github\fge\uri-template\0.9\uri-template-0.9.jar;D:\m2Repository\com\github\fge\msg-simple\1.1\msg-simple-1.1.jar;D:\m2Repository\com\github\fge\btf\1.2\btf-1.2.jar;D:\m2Repository\com\google\guava\guava\16.0.1\guava-16.0.1.jar;D:\m2Repository\com\github\fge\jackson-coreutils\1.8\jackson-coreutils-1.8.jar;D:\m2Repository\com\fasterxml\jackson\core\jackson-databind\2.2.3\jackson-databind-2.2.3.jar;D:\m2Repository\com\fasterxml\jackson\core\jackson-annotations\2.2.3\jackson-annotations-2.2.3.jar;D:\m2Repository\com\fasterxml\jackson\core\jackson-core\2.2.3\jackson-core-2.2.3.jar;D:\m2Repository\org\mozilla\rhino\1.7R4\rhino-1.7R4.jar;D:\m2Repository\javax\mail\mailapi\1.4.3\mailapi-1.4.3.jar;D:\m2Repository\javax\activation\activation\1.1\activation-1.1.jar;D:\m2Repository\net\sf\jopt-simple\jopt-simple\4.6\jopt-simple-4.6.jar;D:\m2Repository\com\alibaba\fastjson\1.2.31\fastjson-1.2.31.jar;D:\m2Repository\com\squareup\okhttp3\okhttp\3.0.0\okhttp-3.0.0.jar;D:\m2Repository\com\squareup\okio\okio\1.6.0\okio-1.6.0.jar;D:\m2Repository\mysql\mysql-connector-java\5.1.38\mysql-connector-java-5.1.38.jar;D:\m2Repository\com\jcabi\jcabi-matchers\1.3\jcabi-matchers-1.3.jar;D:\m2Repository\com\jcabi\jcabi-log\0.14.3\jcabi-log-0.14.3.jar;D:\m2Repository\com\jcabi\jcabi-aspects\0.17.1\jcabi-aspects-0.17.1.jar;D:\m2Repository\org\aspectj\aspectjrt\1.8.0\aspectjrt-1.8.0.jar;D:\m2Repository\javax\validation\validation-api\1.1.0.Final\validation-api-1.1.0.Final.jar;D:\m2Repository\com\rabbitmq\amqp-client\4.1.0\amqp-client-4.1.0.jar;D:\m2Repository\com\jayway\jsonpath\json-path\2.2.0\json-path-2.2.0.jar;D:\m2Repository\net\minidev\json-smart\2.2.1\json-smart-2.2.1.jar;D:\m2Repository\net\minidev\accessors-smart\1.1\accessors-smart-1.1.jar;D:\m2Repository\org\ow2\asm\asm\5.0.3\asm-5.0.3.jar;D:\m2Repository\commons-beanutils\commons-beanutils\1.6\commons-beanutils-1.6.jar;D:\m2Repository\commons-logging\commons-logging\1.0\commons-logging-1.0.jar;D:\m2Repository\commons-collections\commons-collections\2.0\commons-collections-2.0.jar;D:\m2Repository\org\apache\poi\poi-ooxml\3.15\poi-ooxml-3.15.jar;D:\m2Repository\org\apache\poi\poi\3.15\poi-3.15.jar;D:\m2Repository\org\apache\commons\commons-collections4\4.1\commons-collections4-4.1.jar;D:\m2Repository\org\apache\poi\poi-ooxml-schemas\3.15\poi-ooxml-schemas-3.15.jar;D:\m2Repository\org\apache\xmlbeans\xmlbeans\2.6.0\xmlbeans-2.6.0.jar;D:\m2Repository\stax\stax-api\1.0.1\stax-api-1.0.1.jar;D:\m2Repository\com\github\virtuald\curvesapi\1.04\curvesapi-1.04.jar;D:\m2Repository\org\json\json\20170516\json-20170516.jar;D:\m2Repository\org\apache\maven\surefire\surefire-testng-utils\2.8\surefire-testng-utils-2.8.jar;"/>
    <property name="java.vm.specification.version" value="1.8"/>
    <property name="sun.arch.data.model" value="64"/>
    <property name="java.home" value="C:\Program Files\Java\jdk1.8.0_202\jre"/>
    <property name="sun.java.command" value="D:\BlueMoon\finenter\target\surefire\surefirebooter2386792982901591482.jar D:\BlueMoon\finenter\target\surefire\surefire1269082169902664446tmp D:\BlueMoon\finenter\target\surefire\surefire1979519518986850075tmp"/>
    <property name="java.specification.vendor" value="Oracle Corporation"/>
    <property name="user.language" value="zh"/>
    <property name="awt.toolkit" value="sun.awt.windows.WToolkit"/>
    <property name="java.vm.info" value="mixed mode"/>
    <property name="java.version" value="1.8.0_202"/>
    <property name="java.ext.dirs" value="C:\Program Files\Java\jdk1.8.0_202\jre\lib\ext;C:\WINDOWS\Sun\Java\lib\ext"/>
    <property name="sun.boot.class.path" value="C:\Program Files\Java\jdk1.8.0_202\jre\lib\resources.jar;C:\Program Files\Java\jdk1.8.0_202\jre\lib\rt.jar;C:\Program Files\Java\jdk1.8.0_202\jre\lib\sunrsasign.jar;C:\Program Files\Java\jdk1.8.0_202\jre\lib\jsse.jar;C:\Program Files\Java\jdk1.8.0_202\jre\lib\jce.jar;C:\Program Files\Java\jdk1.8.0_202\jre\lib\charsets.jar;C:\Program Files\Java\jdk1.8.0_202\jre\lib\jfr.jar;C:\Program Files\Java\jdk1.8.0_202\jre\classes"/>
    <property name="java.vendor" value="Oracle Corporation"/>
    <property name="localRepository" value="D:\m2Repository"/>
    <property name="file.separator" value="\"/>
    <property name="java.vendor.url.bug" value="http://bugreport.sun.com/bugreport/"/>
    <property name="sun.cpu.endian" value="little"/>
    <property name="sun.io.unicode.encoding" value="UnicodeLittle"/>
    <property name="sun.desktop" value="windows"/>
    <property name="sun.cpu.isalist" value="amd64"/>
  </properties>
  <testcase classname="testCase.NormalFlowCI" name="autoRegister" time="0.737"/>
  <testcase classname="testCase.NormalFlowCI" name="pushUserInfo" time="0"/>
</testsuite>