<?xml version="1.0" encoding="UTF-8"?>
<!-- Generated by org.testng.reporters.JUnitReportReporter -->
<testsuite hostname="BMA1100200" name="testCase.NormalFlowCI" tests="2" failures="0" timestamp="1 Jul 2019 06:01:52 GMT" time="0.737" errors="0">
  <testcase name="pushUserInfo" time="0.000" classname="testCase.NormalFlowCI"/>
  <testcase name="autoRegister" time="0.737" classname="testCase.NormalFlowCI"/>
</testsuite> <!-- testCase.NormalFlowCI -->
